[1.213s] Invoking command in '/home/bence/ros2_ws/build/ros2_course': PYTHONPATH=/home/bence/ros2_ws/build/ros2_course/prefix_override:/home/bence/ros2_ws/install/ros2_course/lib/python3.10/site-packages:${PYTHONPATH} /usr/bin/python3 setup.py develop --editable --build-directory /home/bence/ros2_ws/build/ros2_course/build --no-deps install_data
[1.631s] running develop
[1.631s] /usr/lib/python3/dist-packages/setuptools/command/easy_install.py:158: EasyInstallDeprecationWarning: easy_install command is deprecated. Use build and pip and other standards-based tools.
[1.631s]   warnings.warn(
[1.633s] /usr/lib/python3/dist-packages/setuptools/command/install.py:34: SetuptoolsDeprecationWarning: setup.py install is deprecated. Use build and pip and other standards-based tools.
[1.633s]   warnings.warn(
[1.904s] running egg_info
[1.904s] writing ros2_course.egg-info/PKG-INFO
[1.904s] writing dependency_links to ros2_course.egg-info/dependency_links.txt
[1.904s] writing entry points to ros2_course.egg-info/entry_points.txt
[1.905s] writing requirements to ros2_course.egg-info/requires.txt
[1.905s] writing top-level names to ros2_course.egg-info/top_level.txt
[1.908s] reading manifest file 'ros2_course.egg-info/SOURCES.txt'
[1.909s] writing manifest file 'ros2_course.egg-info/SOURCES.txt'
[1.911s] running build_ext
[1.912s] Creating /home/bence/ros2_ws/install/ros2_course/lib/python3.10/site-packages/ros2-course.egg-link (link to .)
[1.913s] Installing grasp_controller script to /home/bence/ros2_ws/install/ros2_course/lib/ros2_course
[1.914s] 
[1.914s] Installed /home/bence/ros2_ws/build/ros2_course
[1.914s] running install_data
[1.972s] Invoked command in '/home/bence/ros2_ws/build/ros2_course' returned '0': PYTHONPATH=/home/bence/ros2_ws/build/ros2_course/prefix_override:/home/bence/ros2_ws/install/ros2_course/lib/python3.10/site-packages:${PYTHONPATH} /usr/bin/python3 setup.py develop --editable --build-directory /home/bence/ros2_ws/build/ros2_course/build --no-deps install_data
