[1.307s] Invoking command in '/home/bence/ros2_ws/build/ros2_course': PYTHONPATH=/home/bence/ros2_ws/build/ros2_course/prefix_override:/home/bence/ros2_ws/install/ros2_course/lib/python3.10/site-packages:${PYTHONPATH} /usr/bin/python3 setup.py develop --editable --build-directory /home/bence/ros2_ws/build/ros2_course/build --no-deps install_data
[1.753s] running develop
[1.753s] /usr/lib/python3/dist-packages/setuptools/command/easy_install.py:158: EasyInstallDeprecationWarning: easy_install command is deprecated. Use build and pip and other standards-based tools.
[1.753s]   warnings.warn(
[1.755s] /usr/lib/python3/dist-packages/setuptools/command/install.py:34: SetuptoolsDeprecationWarning: setup.py install is deprecated. Use build and pip and other standards-based tools.
[1.755s]   warnings.warn(
[2.052s] running egg_info
[2.052s] writing ros2_course.egg-info/PKG-INFO
[2.053s] writing dependency_links to ros2_course.egg-info/dependency_links.txt
[2.053s] writing entry points to ros2_course.egg-info/entry_points.txt
[2.053s] writing requirements to ros2_course.egg-info/requires.txt
[2.054s] writing top-level names to ros2_course.egg-info/top_level.txt
[2.057s] reading manifest file 'ros2_course.egg-info/SOURCES.txt'
[2.058s] writing manifest file 'ros2_course.egg-info/SOURCES.txt'
[2.061s] running build_ext
[2.061s] Creating /home/bence/ros2_ws/install/ros2_course/lib/python3.10/site-packages/ros2-course.egg-link (link to .)
[2.063s] Installing grasp_controller script to /home/bence/ros2_ws/install/ros2_course/lib/ros2_course
[2.063s] 
[2.063s] Installed /home/bence/ros2_ws/build/ros2_course
[2.063s] running install_data
[2.118s] Invoked command in '/home/bence/ros2_ws/build/ros2_course' returned '0': PYTHONPATH=/home/bence/ros2_ws/build/ros2_course/prefix_override:/home/bence/ros2_ws/install/ros2_course/lib/python3.10/site-packages:${PYTHONPATH} /usr/bin/python3 setup.py develop --editable --build-directory /home/bence/ros2_ws/build/ros2_course/build --no-deps install_data
