[1.427s] Invoking command in '/home/bence/ros2_ws/build/ros2_course': PYTHONPATH=/home/bence/ros2_ws/build/ros2_course/prefix_override:/home/bence/ros2_ws/install/ros2_course/lib/python3.10/site-packages:${PYTHONPATH} /usr/bin/python3 setup.py develop --editable --build-directory /home/bence/ros2_ws/build/ros2_course/build --no-deps install_data
[1.926s] running develop
[1.926s] /usr/lib/python3/dist-packages/setuptools/command/easy_install.py:158: EasyInstallDeprecationWarning: easy_install command is deprecated. Use build and pip and other standards-based tools.
[1.927s]   warnings.warn(
[1.930s] /usr/lib/python3/dist-packages/setuptools/command/install.py:34: SetuptoolsDeprecationWarning: setup.py install is deprecated. Use build and pip and other standards-based tools.
[1.931s]   warnings.warn(
[2.252s] running egg_info
[2.252s] creating ros2_course.egg-info
[2.253s] writing ros2_course.egg-info/PKG-INFO
[2.253s] writing dependency_links to ros2_course.egg-info/dependency_links.txt
[2.253s] writing entry points to ros2_course.egg-info/entry_points.txt
[2.254s] writing requirements to ros2_course.egg-info/requires.txt
[2.254s] writing top-level names to ros2_course.egg-info/top_level.txt
[2.255s] writing manifest file 'ros2_course.egg-info/SOURCES.txt'
[2.259s] reading manifest file 'ros2_course.egg-info/SOURCES.txt'
[2.260s] writing manifest file 'ros2_course.egg-info/SOURCES.txt'
[2.263s] running build_ext
[2.263s] Creating /home/bence/ros2_ws/install/ros2_course/lib/python3.10/site-packages/ros2-course.egg-link (link to .)
[2.265s] Installing hello script to /home/bence/ros2_ws/install/ros2_course/lib/ros2_course
[2.265s] 
[2.265s] Installed /home/bence/ros2_ws/build/ros2_course
[2.266s] running install_data
[2.266s] creating /home/bence/ros2_ws/install/ros2_course/share/ament_index
[2.266s] creating /home/bence/ros2_ws/install/ros2_course/share/ament_index/resource_index
[2.266s] creating /home/bence/ros2_ws/install/ros2_course/share/ament_index/resource_index/packages
[2.266s] copying resource/ros2_course -> /home/bence/ros2_ws/install/ros2_course/share/ament_index/resource_index/packages
[2.266s] copying package.xml -> /home/bence/ros2_ws/install/ros2_course/share/ros2_course
[2.348s] Invoked command in '/home/bence/ros2_ws/build/ros2_course' returned '0': PYTHONPATH=/home/bence/ros2_ws/build/ros2_course/prefix_override:/home/bence/ros2_ws/install/ros2_course/lib/python3.10/site-packages:${PYTHONPATH} /usr/bin/python3 setup.py develop --editable --build-directory /home/bence/ros2_ws/build/ros2_course/build --no-deps install_data
