[1.640s] Invoking command in '/home/bence/ros2_ws/build/ros2_course': PYTHONPATH=/home/bence/ros2_ws/build/ros2_course/prefix_override:/home/bence/ros2_ws/install/ros2_course/lib/python3.10/site-packages:${PYTHONPATH} /usr/bin/python3 setup.py develop --editable --build-directory /home/bence/ros2_ws/build/ros2_course/build --no-deps install_data
[2.165s] running develop
[2.166s] /usr/lib/python3/dist-packages/setuptools/command/easy_install.py:158: EasyInstallDeprecationWarning: easy_install command is deprecated. Use build and pip and other standards-based tools.
[2.166s]   warnings.warn(
[2.169s] /usr/lib/python3/dist-packages/setuptools/command/install.py:34: SetuptoolsDeprecationWarning: setup.py install is deprecated. Use build and pip and other standards-based tools.
[2.169s]   warnings.warn(
[2.628s] running egg_info
[2.629s] writing ros2_course.egg-info/PKG-INFO
[2.630s] writing dependency_links to ros2_course.egg-info/dependency_links.txt
[2.630s] writing entry points to ros2_course.egg-info/entry_points.txt
[2.630s] writing requirements to ros2_course.egg-info/requires.txt
[2.630s] writing top-level names to ros2_course.egg-info/top_level.txt
[2.638s] reading manifest file 'ros2_course.egg-info/SOURCES.txt'
[2.641s] writing manifest file 'ros2_course.egg-info/SOURCES.txt'
[2.647s] running build_ext
[2.647s] Creating /home/bence/ros2_ws/install/ros2_course/lib/python3.10/site-packages/ros2-course.egg-link (link to .)
[2.652s] Installing turtlesim_controller script to /home/bence/ros2_ws/install/ros2_course/lib/ros2_course
[2.654s] 
[2.655s] Installed /home/bence/ros2_ws/build/ros2_course
[2.657s] running install_data
[2.779s] Invoked command in '/home/bence/ros2_ws/build/ros2_course' returned '0': PYTHONPATH=/home/bence/ros2_ws/build/ros2_course/prefix_override:/home/bence/ros2_ws/install/ros2_course/lib/python3.10/site-packages:${PYTHONPATH} /usr/bin/python3 setup.py develop --editable --build-directory /home/bence/ros2_ws/build/ros2_course/build --no-deps install_data
